base-devel
bash-completion
btop
chromium
cloud-sql-proxy-bin
code
conduktor
ddev-bin
docker
docker-buildx
docker-compose
file-roller
firefox
firefox-developer-edition
firefox-developer-edition-i18n-fr
firefox-i18n-fr
git
gitflow-avh
github-cli
google-chrome
google-cloud-cli-gke-gcloud-auth-plugin
intel-ucode
intellij-idea-ultimate-edition
jdk-openjdk
k9s
mkcert
molotov
nano
nano-syntax-highlighting
neofetch
onlyoffice-bin
slack-desktop
spotify-launcher
teams-for-linux
ttf-jetbrains-mono-nerd
vim
zen-browser-bin
zsh
